<?xml version="1.0" encoding="UTF-8"?>
<testng-results skipped="0" failed="0" total="1" passed="1">
	<reporter-output>
	</reporter-output>
	<suite name="Default suite" duration-ms="13433" started-at="2013-07-13T08:10:56Z"
		finished-at="2013-07-13T08:11:10Z">
		<groups>
		</groups>
		<test name="Default test" duration-ms="13433" started-at="2013-07-13T08:10:56Z"
			finished-at="2013-07-13T08:11:10Z">
			<class name="unitTestCases.Alert">
				<test-method status="PASS"
					signature="AlertBox()[pri:0, instance:unitTestCases.Alert@5bece2]"
					name="AlertBox" duration-ms="13433" started-at="2013-07-13T13:40:56Z"
					finished-at="2013-07-13T13:41:10Z">
					<reporter-output>
					</reporter-output>
				</test-method> <!-- AlertBox -->
			</class> <!-- unitTestCases.Alert -->
		</test> <!-- Default test -->
	</suite> <!-- Default suite -->
</testng-results>
